{"message":"Server started successfully on port undefined","level":"info","timestamp":"2021-01-18T17:26:22.835Z"}
{"message":"Server started successfully on port 6000","level":"info","timestamp":"2021-01-18T17:27:33.687Z"}
{"message":"Server started successfully on port 5000","level":"info","timestamp":"2021-01-18T17:27:54.749Z"}
{"message":"Server started successfully on port 5000","level":"info","timestamp":"2021-01-24T09:33:59.338Z"}
{"message":"Server started successfully on port 5000","level":"info","timestamp":"2021-01-24T09:37:11.930Z"}
{"message":"Server started successfully on port 5000","level":"info","timestamp":"2021-01-24T09:38:19.223Z"}
{"message":"All Ok from health api","level":"info","timestamp":"2021-01-24T09:38:24.224Z"}
{"message":"Server started successfully on port 5000","level":"info","timestamp":"2021-01-24T13:53:37.649Z"}
{"message":"Server started successfully on port 5000","level":"info","timestamp":"2021-01-24T13:53:49.436Z"}
{"message":"Server started successfully on port 5000","level":"info","timestamp":"2021-01-24T13:53:58.119Z"}
{"message":"Server started successfully on port 5000","level":"info","timestamp":"2021-01-24T13:54:53.634Z"}
{"message":"Server started successfully on port 5000","level":"info","timestamp":"2021-01-24T13:55:20.139Z"}
{"message":"Server started successfully on port 5000","level":"info","timestamp":"2021-01-24T13:55:24.481Z"}
{"message":"Server started successfully on port 5000","level":"info","timestamp":"2021-01-24T13:56:39.786Z"}
{"message":"Server started successfully on port 5000","level":"info","timestamp":"2021-01-24T13:56:58.322Z"}
{"message":"Server started successfully on port 5000","level":"info","timestamp":"2021-01-24T13:59:27.505Z"}
{"message":"Server started successfully on port 5000","level":"info","timestamp":"2021-01-24T13:59:34.721Z"}
{"message":"Server started successfully on port 5000","level":"info","timestamp":"2021-01-24T14:00:38.563Z"}
{"message":"Server started successfully on port 5000","level":"info","timestamp":"2021-01-24T14:00:47.795Z"}
{"message":"Server started successfully on port 5000","level":"info","timestamp":"2021-01-24T14:01:06.836Z"}
{"message":"Server started successfully on port 5000","level":"info","timestamp":"2021-01-24T14:01:09.094Z"}
{"message":"Server started successfully on port 5000","level":"info","timestamp":"2021-01-24T14:01:33.350Z"}
{"message":"Server started successfully on port 5000","level":"info","timestamp":"2021-01-24T14:01:45.613Z"}
{"message":"Server started successfully on port 5000","level":"info","timestamp":"2021-01-24T14:01:57.393Z"}
{"message":"Server started successfully on port 5000","level":"info","timestamp":"2021-01-24T14:02:09.093Z"}
{"message":"Server started successfully on port 5000","level":"info","timestamp":"2021-01-24T14:04:53.669Z"}
{"message":"Server started successfully on port 5000","level":"info","timestamp":"2021-01-24T14:05:11.605Z"}
{"message":"Server started successfully on port 5000","level":"info","timestamp":"2021-01-24T14:05:16.601Z"}
{"message":"Server started successfully on port 5000","level":"info","timestamp":"2021-01-24T14:05:46.874Z"}
{"message":"Server started successfully on port 5000","level":"info","timestamp":"2021-01-24T14:06:17.754Z"}
{"message":"Server started successfully on port 5000","level":"info","timestamp":"2021-01-24T14:06:31.819Z"}
{"message":"Server started successfully on port 5000","level":"info","timestamp":"2021-01-24T14:06:44.707Z"}
{"message":"Server started successfully on port 5000","level":"info","timestamp":"2021-01-24T14:07:40.683Z"}
{"message":"Server started successfully on port 5000","level":"info","timestamp":"2021-01-24T14:09:08.009Z"}
{"message":"Server started successfully on port 5000","level":"info","timestamp":"2021-01-24T14:09:55.637Z"}
{"message":"Server started successfully on port 5000","level":"info","timestamp":"2021-01-24T14:10:19.429Z"}
{"message":"Server started successfully on port 5000","level":"info","timestamp":"2021-01-24T14:10:28.931Z"}
{"message":"Server started successfully on port 5000","level":"info","timestamp":"2021-01-24T14:10:31.679Z"}
{"message":"Server started successfully on port 5000","level":"info","timestamp":"2021-01-24T14:11:56.696Z"}
{"message":"Server started successfully on port 5000","level":"info","timestamp":"2021-01-24T14:13:19.755Z"}
{"message":"Server started successfully on port 5000","level":"info","timestamp":"2021-01-24T14:15:38.432Z"}
{"message":"Server started successfully on port 5000","level":"info","timestamp":"2021-01-24T14:16:51.512Z"}
{"message":"Server started successfully on port 5000","level":"info","timestamp":"2021-01-24T14:17:03.569Z"}
{"message":"Server started successfully on port 5000","level":"info","timestamp":"2021-01-24T14:17:17.194Z"}
{"message":"Server started successfully on port 5000","level":"info","timestamp":"2021-01-24T14:18:00.792Z"}
{"message":"Server started successfully on port 5000","level":"info","timestamp":"2021-01-24T14:19:40.205Z"}
{"message":"Server started successfully on port 5000","level":"info","timestamp":"2021-01-24T16:05:33.303Z"}
{"message":"Server started successfully on port 5000","level":"info","timestamp":"2021-01-24T16:05:56.003Z"}
{"message":"Server started successfully on port 5000","level":"info","timestamp":"2021-01-24T16:06:04.489Z"}
{"message":"Server started successfully on port 5000","level":"info","timestamp":"2021-01-24T16:06:06.676Z"}
{"message":"Server started successfully on port 5000","level":"info","timestamp":"2021-01-24T16:06:21.308Z"}
{"message":"Server started successfully on port 5000","level":"info","timestamp":"2021-01-24T16:07:00.205Z"}
{"message":"Server started successfully on port 5000","level":"info","timestamp":"2021-01-24T16:07:54.626Z"}
{"message":"Server started successfully on port 5000","level":"info","timestamp":"2021-01-24T16:21:46.727Z"}
{"message":"Server started successfully on port 5000","level":"info","timestamp":"2021-01-24T16:22:01.256Z"}
{"message":"Server started successfully on port 5000","level":"info","timestamp":"2021-01-24T16:22:55.803Z"}
{"message":"Server started successfully on port 5000","level":"info","timestamp":"2021-01-24T16:23:06.702Z"}
{"message":"Server started successfully on port 5000","level":"info","timestamp":"2021-01-24T16:23:39.216Z"}
{"message":"Server started successfully on port 5000","level":"info","timestamp":"2021-01-24T16:24:24.811Z"}
{"message":"Server started successfully on port 5000","level":"info","timestamp":"2021-01-24T16:24:37.967Z"}
{"message":"Server started successfully on port 5000","level":"info","timestamp":"2021-01-24T16:25:31.091Z"}
{"message":"Server started successfully on port 5000","level":"info","timestamp":"2021-01-24T16:25:39.039Z"}
{"message":"Server started successfully on port 5000","level":"info","timestamp":"2021-01-24T16:25:44.157Z"}
{"message":"Server started successfully on port 5000","level":"info","timestamp":"2021-01-24T16:25:54.374Z"}
{"message":"Server started successfully on port 5000","level":"info","timestamp":"2021-01-24T16:28:50.411Z"}
{"message":"Server started successfully on port 5000","level":"info","timestamp":"2021-01-24T16:29:57.257Z"}
{"message":"Server started successfully on port 5000","level":"info","timestamp":"2021-01-24T16:30:06.415Z"}
{"message":"Server started successfully on port 5000","level":"info","timestamp":"2021-01-24T16:30:14.215Z"}
{"message":"Server started successfully on port 5000","level":"info","timestamp":"2021-01-24T16:30:19.629Z"}
{"message":"Server started successfully on port 5000","level":"info","timestamp":"2021-01-24T16:34:32.050Z"}
{"message":"Server started successfully on port 5000","level":"info","timestamp":"2021-01-24T16:36:46.165Z"}
{"message":"Server started successfully on port 5000","level":"info","timestamp":"2021-01-24T16:37:03.775Z"}
{"message":"Server started successfully on port 5000","level":"info","timestamp":"2021-01-24T16:38:02.374Z"}
{"message":"Server started successfully on port 5000","level":"info","timestamp":"2021-01-24T16:38:30.588Z"}
{"message":"Server started successfully on port 5000","level":"info","timestamp":"2021-01-24T16:38:43.210Z"}
{"message":"Server started successfully on port 5000","level":"info","timestamp":"2021-01-24T16:39:00.028Z"}
{"message":"Server started successfully on port 5000","level":"info","timestamp":"2021-01-24T16:39:29.641Z"}
{"message":"Server started successfully on port 5000","level":"info","timestamp":"2021-01-24T16:40:46.339Z"}
{"message":"Server started successfully on port 5000","level":"info","timestamp":"2021-01-24T16:43:31.926Z"}
{"message":"Server started successfully on port 5000","level":"info","timestamp":"2021-01-24T16:44:05.739Z"}
{"message":"Server started successfully on port 5000","level":"info","timestamp":"2021-01-24T16:44:37.469Z"}
{"message":"Server started successfully on port 5000","level":"info","timestamp":"2021-01-24T16:44:53.413Z"}
{"message":"Server started successfully on port 5000","level":"info","timestamp":"2021-01-24T16:45:30.812Z"}
{"message":"Server started successfully on port 5000","level":"info","timestamp":"2021-01-24T16:45:54.417Z"}
{"message":"Server started successfully on port 5000","level":"info","timestamp":"2021-01-24T16:46:10.568Z"}
{"message":"Server started successfully on port 5000","level":"info","timestamp":"2021-01-24T16:46:14.894Z"}
{"message":"Server started successfully on port 5000","level":"info","timestamp":"2021-01-24T16:46:41.802Z"}
{"message":"Server started successfully on port 5000","level":"info","timestamp":"2021-01-24T16:47:30.984Z"}
{"message":"Server started successfully on port 5000","level":"info","timestamp":"2021-01-24T16:47:52.208Z"}
{"message":"Server started successfully on port 5000","level":"info","timestamp":"2021-01-24T16:48:11.789Z"}
{"message":"Server started successfully on port 5000","level":"info","timestamp":"2021-01-24T16:48:16.519Z"}
{"message":"Server started successfully on port 5000","level":"info","timestamp":"2021-01-24T16:48:47.531Z"}
{"message":"Server started successfully on port 5000","level":"info","timestamp":"2021-01-24T16:51:13.199Z"}
{"message":"Server started successfully on port 5000","level":"info","timestamp":"2021-01-24T16:52:09.316Z"}
{"message":"Server started successfully on port 5000","level":"info","timestamp":"2021-01-24T16:58:31.910Z"}
{"message":"Server started successfully on port 5000","level":"info","timestamp":"2021-01-24T16:59:06.304Z"}
{"message":"Server started successfully on port 5000","level":"info","timestamp":"2021-01-24T17:00:23.737Z"}
{"message":"Server started successfully on port 5000","level":"info","timestamp":"2021-01-25T06:58:38.216Z"}
{"message":"Server started successfully on port 5000","level":"info","timestamp":"2021-01-25T06:58:59.054Z"}
{"message":"Server started successfully on port 5000","level":"info","timestamp":"2021-01-25T07:01:50.429Z"}
{"message":"Server started successfully on port 5000","level":"info","timestamp":"2021-01-25T07:02:24.677Z"}
{"message":"Server started successfully on port 5000","level":"info","timestamp":"2021-01-25T07:02:29.471Z"}
{"message":"Server started successfully on port 5000","level":"info","timestamp":"2021-01-25T07:04:34.211Z"}
{"message":"Server started successfully on port 5000","level":"info","timestamp":"2021-01-25T07:05:24.015Z"}
{"message":"Server started successfully on port 5000","level":"info","timestamp":"2021-01-25T07:05:38.738Z"}
{"message":"Server started successfully on port 5000","level":"info","timestamp":"2021-01-25T07:06:08.632Z"}
{"message":"Server started successfully on port 5000","level":"info","timestamp":"2021-01-25T07:07:08.079Z"}
{"message":"Server started successfully on port 5000","level":"info","timestamp":"2021-01-25T07:08:41.852Z"}
{"message":"Server started successfully on port 5000","level":"info","timestamp":"2021-01-25T07:08:50.210Z"}
{"message":"Server started successfully on port 5000","level":"info","timestamp":"2021-01-25T07:08:58.976Z"}
{"message":"Server started successfully on port 5000","level":"info","timestamp":"2021-01-25T07:09:55.843Z"}
{"message":"Server started successfully on port 5000","level":"info","timestamp":"2021-01-25T07:10:34.768Z"}
{"message":"Server started successfully on port 5000","level":"info","timestamp":"2021-01-25T07:10:41.821Z"}
{"message":"Server started successfully on port 5000","level":"info","timestamp":"2021-01-25T07:11:05.832Z"}
{"message":"Server started successfully on port 5000","level":"info","timestamp":"2021-01-25T07:11:13.250Z"}
{"message":"Server started successfully on port 5000","level":"info","timestamp":"2021-01-25T07:12:32.734Z"}
{"message":"Server started successfully on port 5000","level":"info","timestamp":"2021-01-25T07:12:35.640Z"}
{"message":"Server started successfully on port 5000","level":"info","timestamp":"2021-01-25T07:12:42.590Z"}
{"message":"Server started successfully on port 5000","level":"info","timestamp":"2021-01-25T07:13:01.648Z"}
{"message":"Server started successfully on port 5000","level":"info","timestamp":"2021-01-25T07:16:48.523Z"}
{"message":"Server started successfully on port 5000","level":"info","timestamp":"2021-01-25T07:16:59.723Z"}
{"message":"Server started successfully on port 5000","level":"info","timestamp":"2021-01-25T07:18:14.984Z"}
{"message":"Server started successfully on port 5000","level":"info","timestamp":"2021-01-25T07:18:50.258Z"}
{"message":"Server started successfully on port 5000","level":"info","timestamp":"2021-01-25T07:19:02.351Z"}
{"message":"Server started successfully on port 5000","level":"info","timestamp":"2021-01-25T07:20:55.323Z"}
{"message":"Server started successfully on port 5000","level":"info","timestamp":"2021-01-25T07:21:12.889Z"}
{"message":"Server started successfully on port 5000","level":"info","timestamp":"2021-01-25T07:21:22.318Z"}
{"message":"Server started successfully on port 5000","level":"info","timestamp":"2021-01-25T07:21:25.423Z"}
{"message":"Server started successfully on port 5000","level":"info","timestamp":"2021-01-25T07:21:30.246Z"}
{"message":"Server started successfully on port 5000","level":"info","timestamp":"2021-01-25T07:22:32.971Z"}
{"message":"Server started successfully on port 5000","level":"info","timestamp":"2021-01-25T07:23:33.834Z"}
{"message":"Server started successfully on port 5000","level":"info","timestamp":"2021-01-25T07:24:21.441Z"}
{"message":"Server started successfully on port 5000","level":"info","timestamp":"2021-01-25T07:24:48.907Z"}
{"message":"Server started successfully on port 5000","level":"info","timestamp":"2021-01-25T07:25:04.395Z"}
{"message":"Server started successfully on port 5000","level":"info","timestamp":"2021-01-25T07:25:27.269Z"}
{"message":"Server started successfully on port 5000","level":"info","timestamp":"2021-01-25T07:45:15.074Z"}
{"message":"Server started successfully on port 5000","level":"info","timestamp":"2021-01-25T07:53:11.654Z"}
{"message":"Server started successfully on port 5000","level":"info","timestamp":"2021-01-25T07:56:11.138Z"}
{"message":"Server started successfully on port 5000","level":"info","timestamp":"2021-01-25T08:00:26.878Z"}
{"message":"Error message: TypeError: this.verifyModel.verifyPreRegistration is not a function","level":"error","timestamp":"2021-01-25T08:03:22.717Z"}
{"level":"error","timestamp":"2021-01-25T08:03:22.718Z","message":"TypeError: this.verifyModel.verifyPreRegistration is not a function","stack":"Error: TypeError: this.verifyModel.verifyPreRegistration is not a function\n    at VerifyController.handleException (/Users/theexplorer/Desktop/TokenSwapBackend/app/Controllers/Controller.js:128:22)\n    at VerifyController.verifyPreRegistration (/Users/theexplorer/Desktop/TokenSwapBackend/app/Controllers/VerifyController.js:34:12)\n    at /Users/theexplorer/Desktop/TokenSwapBackend/routes/verifyApi.js:8:22\n    at Layer.handle [as handle_request] (/Users/theexplorer/Desktop/TokenSwapBackend/node_modules/express/lib/router/layer.js:95:5)\n    at next (/Users/theexplorer/Desktop/TokenSwapBackend/node_modules/express/lib/router/route.js:137:13)\n    at Route.dispatch (/Users/theexplorer/Desktop/TokenSwapBackend/node_modules/express/lib/router/route.js:112:3)\n    at Layer.handle [as handle_request] (/Users/theexplorer/Desktop/TokenSwapBackend/node_modules/express/lib/router/layer.js:95:5)\n    at /Users/theexplorer/Desktop/TokenSwapBackend/node_modules/express/lib/router/index.js:281:22\n    at Function.process_params (/Users/theexplorer/Desktop/TokenSwapBackend/node_modules/express/lib/router/index.js:335:12)\n    at next (/Users/theexplorer/Desktop/TokenSwapBackend/node_modules/express/lib/router/index.js:275:10)\n    at Function.handle (/Users/theexplorer/Desktop/TokenSwapBackend/node_modules/express/lib/router/index.js:174:3)\n    at router (/Users/theexplorer/Desktop/TokenSwapBackend/node_modules/express/lib/router/index.js:47:12)\n    at Layer.handle [as handle_request] (/Users/theexplorer/Desktop/TokenSwapBackend/node_modules/express/lib/router/layer.js:95:5)\n    at trim_prefix (/Users/theexplorer/Desktop/TokenSwapBackend/node_modules/express/lib/router/index.js:317:13)\n    at /Users/theexplorer/Desktop/TokenSwapBackend/node_modules/express/lib/router/index.js:284:7\n    at Function.process_params (/Users/theexplorer/Desktop/TokenSwapBackend/node_modules/express/lib/router/index.js:335:12)"}
{"message":"Server started successfully on port 5000","level":"info","timestamp":"2021-01-25T08:05:11.701Z"}
{"message":"Error message: TypeError: this.verifyModel.verifyPreRegistration is not a function","level":"error","timestamp":"2021-01-25T08:05:15.154Z"}
{"level":"error","timestamp":"2021-01-25T08:05:15.154Z","message":"TypeError: this.verifyModel.verifyPreRegistration is not a function","stack":"Error: TypeError: this.verifyModel.verifyPreRegistration is not a function\n    at VerifyController.handleException (/Users/theexplorer/Desktop/TokenSwapBackend/app/Controllers/Controller.js:128:22)\n    at VerifyController.verifyPreRegistration (/Users/theexplorer/Desktop/TokenSwapBackend/app/Controllers/VerifyController.js:34:12)\n    at /Users/theexplorer/Desktop/TokenSwapBackend/routes/verifyApi.js:8:20\n    at Layer.handle [as handle_request] (/Users/theexplorer/Desktop/TokenSwapBackend/node_modules/express/lib/router/layer.js:95:5)\n    at next (/Users/theexplorer/Desktop/TokenSwapBackend/node_modules/express/lib/router/route.js:137:13)\n    at Route.dispatch (/Users/theexplorer/Desktop/TokenSwapBackend/node_modules/express/lib/router/route.js:112:3)\n    at Layer.handle [as handle_request] (/Users/theexplorer/Desktop/TokenSwapBackend/node_modules/express/lib/router/layer.js:95:5)\n    at /Users/theexplorer/Desktop/TokenSwapBackend/node_modules/express/lib/router/index.js:281:22\n    at Function.process_params (/Users/theexplorer/Desktop/TokenSwapBackend/node_modules/express/lib/router/index.js:335:12)\n    at next (/Users/theexplorer/Desktop/TokenSwapBackend/node_modules/express/lib/router/index.js:275:10)\n    at Function.handle (/Users/theexplorer/Desktop/TokenSwapBackend/node_modules/express/lib/router/index.js:174:3)\n    at router (/Users/theexplorer/Desktop/TokenSwapBackend/node_modules/express/lib/router/index.js:47:12)\n    at Layer.handle [as handle_request] (/Users/theexplorer/Desktop/TokenSwapBackend/node_modules/express/lib/router/layer.js:95:5)\n    at trim_prefix (/Users/theexplorer/Desktop/TokenSwapBackend/node_modules/express/lib/router/index.js:317:13)\n    at /Users/theexplorer/Desktop/TokenSwapBackend/node_modules/express/lib/router/index.js:284:7\n    at Function.process_params (/Users/theexplorer/Desktop/TokenSwapBackend/node_modules/express/lib/router/index.js:335:12)"}
{"message":"Server started successfully on port 5000","level":"info","timestamp":"2021-01-25T08:07:00.580Z"}
{"message":"Error message: TypeError: this.verifyModel.verifyPreRegistration is not a function","level":"error","timestamp":"2021-01-25T08:10:20.561Z"}
{"level":"error","timestamp":"2021-01-25T08:10:20.562Z","message":"TypeError: this.verifyModel.verifyPreRegistration is not a function","stack":"Error: TypeError: this.verifyModel.verifyPreRegistration is not a function\n    at VerifyController.handleException (/Users/theexplorer/Desktop/TokenSwapBackend/app/Controllers/Controller.js:128:22)\n    at VerifyController.verifyPreRegistration (/Users/theexplorer/Desktop/TokenSwapBackend/app/Controllers/VerifyController.js:33:12)\n    at /Users/theexplorer/Desktop/TokenSwapBackend/routes/verifyApi.js:8:20\n    at Layer.handle [as handle_request] (/Users/theexplorer/Desktop/TokenSwapBackend/node_modules/express/lib/router/layer.js:95:5)\n    at next (/Users/theexplorer/Desktop/TokenSwapBackend/node_modules/express/lib/router/route.js:137:13)\n    at Route.dispatch (/Users/theexplorer/Desktop/TokenSwapBackend/node_modules/express/lib/router/route.js:112:3)\n    at Layer.handle [as handle_request] (/Users/theexplorer/Desktop/TokenSwapBackend/node_modules/express/lib/router/layer.js:95:5)\n    at /Users/theexplorer/Desktop/TokenSwapBackend/node_modules/express/lib/router/index.js:281:22\n    at Function.process_params (/Users/theexplorer/Desktop/TokenSwapBackend/node_modules/express/lib/router/index.js:335:12)\n    at next (/Users/theexplorer/Desktop/TokenSwapBackend/node_modules/express/lib/router/index.js:275:10)\n    at Function.handle (/Users/theexplorer/Desktop/TokenSwapBackend/node_modules/express/lib/router/index.js:174:3)\n    at router (/Users/theexplorer/Desktop/TokenSwapBackend/node_modules/express/lib/router/index.js:47:12)\n    at Layer.handle [as handle_request] (/Users/theexplorer/Desktop/TokenSwapBackend/node_modules/express/lib/router/layer.js:95:5)\n    at trim_prefix (/Users/theexplorer/Desktop/TokenSwapBackend/node_modules/express/lib/router/index.js:317:13)\n    at /Users/theexplorer/Desktop/TokenSwapBackend/node_modules/express/lib/router/index.js:284:7\n    at Function.process_params (/Users/theexplorer/Desktop/TokenSwapBackend/node_modules/express/lib/router/index.js:335:12)"}
{"message":"Server started successfully on port 5000","level":"info","timestamp":"2021-01-25T08:16:26.161Z"}
{"level":"error","message":"uncaughtException TypeError: Cannot read property 'create' of undefined","stack":"Error: TypeError: Cannot read property 'create' of undefined\n    at process.<anonymous> (/Users/theexplorer/Desktop/TokenSwapBackend/server.js:40:37)\n    at process.emit (events.js:203:15)\n    at process.EventEmitter.emit (domain.js:448:20)\n    at process._fatalException (internal/bootstrap/node.js:497:27)","timestamp":"2021-01-25T08:16:30.674Z"}
{"level":"error","message":"uncaughtException TypeError: Cannot read property 'create' of undefined","stack":"Error: TypeError: Cannot read property 'create' of undefined\n    at process.<anonymous> (/Users/theexplorer/Desktop/TokenSwapBackend/server.js:40:37)\n    at process.emit (events.js:203:15)\n    at process.EventEmitter.emit (domain.js:448:20)\n    at process._fatalException (internal/bootstrap/node.js:497:27)","timestamp":"2021-01-25T09:05:10.207Z"}
{"level":"error","message":"uncaughtException TypeError: Cannot read property 'create' of undefined","stack":"Error: TypeError: Cannot read property 'create' of undefined\n    at process.<anonymous> (/Users/theexplorer/Desktop/TokenSwapBackend/server.js:40:37)\n    at process.emit (events.js:203:15)\n    at process.EventEmitter.emit (domain.js:448:20)\n    at process._fatalException (internal/bootstrap/node.js:497:27)","timestamp":"2021-01-25T10:15:42.114Z"}
{"message":"Server started successfully on port 5000","level":"info","timestamp":"2021-01-25T10:16:50.073Z"}
{"message":"Server started successfully on port 5000","level":"info","timestamp":"2021-01-25T10:16:54.672Z"}
{"level":"error","message":"uncaughtException TypeError: Cannot read property 'create' of undefined","stack":"Error: TypeError: Cannot read property 'create' of undefined\n    at process.<anonymous> (/Users/theexplorer/Desktop/TokenSwapBackend/server.js:40:37)\n    at process.emit (events.js:203:15)\n    at process.EventEmitter.emit (domain.js:448:20)\n    at process._fatalException (internal/bootstrap/node.js:497:27)","timestamp":"2021-01-25T10:16:58.918Z"}
{"message":"Server started successfully on port 5000","level":"info","timestamp":"2021-01-25T10:23:57.755Z"}
{"level":"error","message":"uncaughtException TypeError: Cannot read property 'create' of undefined","stack":"Error: TypeError: Cannot read property 'create' of undefined\n    at process.<anonymous> (/Users/theexplorer/Desktop/TokenSwapBackend/server.js:40:37)\n    at process.emit (events.js:203:15)\n    at process.EventEmitter.emit (domain.js:448:20)\n    at process._fatalException (internal/bootstrap/node.js:497:27)","timestamp":"2021-01-25T10:24:04.321Z"}
{"message":"Server started successfully on port 5000","level":"info","timestamp":"2021-01-25T10:29:40.419Z"}
{"message":"Server started successfully on port 5000","level":"info","timestamp":"2021-01-25T10:29:52.538Z"}
{"message":"Server started successfully on port 5000","level":"info","timestamp":"2021-01-25T10:44:05.772Z"}
{"message":"Server started successfully on port 5000","level":"info","timestamp":"2021-01-25T10:44:36.179Z"}
{"message":"Server started successfully on port 5000","level":"info","timestamp":"2021-01-25T10:44:39.475Z"}
{"message":"Server started successfully on port 5000","level":"info","timestamp":"2021-01-25T10:45:56.677Z"}
{"message":"Server started successfully on port 5000","level":"info","timestamp":"2021-01-25T10:46:09.909Z"}
{"message":"Server started successfully on port 5000","level":"info","timestamp":"2021-01-25T11:21:45.378Z"}
{"message":"Server started successfully on port 5000","level":"info","timestamp":"2021-01-26T12:44:51.687Z"}
{"message":"Server started successfully on port 5000","level":"info","timestamp":"2021-01-26T12:46:15.804Z"}
{"message":"Server started successfully on port 5000","level":"info","timestamp":"2021-01-26T12:46:24.857Z"}
{"message":"Server started successfully on port 5000","level":"info","timestamp":"2021-01-26T12:46:45.677Z"}
{"message":"Server started successfully on port 5000","level":"info","timestamp":"2021-01-26T12:47:55.155Z"}
{"message":"Server started successfully on port 5000","level":"info","timestamp":"2021-01-26T12:50:13.659Z"}
{"message":"Server started successfully on port 5000","level":"info","timestamp":"2021-01-26T12:50:38.483Z"}
{"message":"Server started successfully on port 5000","level":"info","timestamp":"2021-01-26T12:51:11.129Z"}
{"message":"Error message: Can't save Verify details, please check and try again!","level":"info","timestamp":"2021-01-26T12:51:14.968Z"}
{"level":"error","timestamp":"2021-01-26T12:51:14.969Z","message":"[object Object]","stack":"Error: [object Object]\n    at VerifyController.handleException (/Users/theexplorer/Desktop/TokenSwapBackend/app/Controllers/Controller.js:134:22)\n    at /Users/theexplorer/Desktop/TokenSwapBackend/app/Controllers/VerifyController.js:29:14\n    at process._tickCallback (internal/process/next_tick.js:68:7)"}
{"message":"Server started successfully on port 5000","level":"info","timestamp":"2021-01-26T12:54:12.336Z"}
{"message":"Server started successfully on port 5000","level":"info","timestamp":"2021-01-26T12:57:10.481Z"}
{"message":"Server started successfully on port 5000","level":"info","timestamp":"2021-01-26T12:57:17.107Z"}
{"message":"Server started successfully on port 5000","level":"info","timestamp":"2021-01-26T12:57:30.148Z"}
{"message":"Server started successfully on port 5000","level":"info","timestamp":"2021-01-26T12:58:08.474Z"}
{"message":"Server started successfully on port 5000","level":"info","timestamp":"2021-01-26T12:58:13.749Z"}
{"message":"Server started successfully on port 5000","level":"info","timestamp":"2021-01-26T12:58:28.050Z"}
{"level":"error","message":"uncaughtException TypeError: client.verify.servicess is not a function","stack":"Error: TypeError: client.verify.servicess is not a function\n    at process.<anonymous> (/Users/theexplorer/Desktop/TokenSwapBackend/server.js:40:37)\n    at process.emit (events.js:203:15)\n    at process.EventEmitter.emit (domain.js:448:20)\n    at process._fatalException (internal/bootstrap/node.js:497:27)","timestamp":"2021-01-26T12:58:34.528Z"}
{"message":"Server started successfully on port 5000","level":"info","timestamp":"2021-01-26T12:58:47.156Z"}
{"message":"Server started successfully on port 5000","level":"info","timestamp":"2021-01-26T12:58:50.892Z"}
{"message":"Server started successfully on port 5000","level":"info","timestamp":"2021-01-26T13:01:45.115Z"}
{"message":"Server started successfully on port 5000","level":"info","timestamp":"2021-01-26T13:01:49.804Z"}
{"level":"error","message":"uncaughtException TypeError: client.verify.servicess is not a function","stack":"Error: TypeError: client.verify.servicess is not a function\n    at process.<anonymous> (/Users/theexplorer/Desktop/TokenSwapBackend/server.js:40:37)\n    at process.emit (events.js:203:15)\n    at process.EventEmitter.emit (domain.js:448:20)\n    at process._fatalException (internal/bootstrap/node.js:497:27)","timestamp":"2021-01-26T13:01:51.825Z"}
{"message":"Server started successfully on port 5000","level":"info","timestamp":"2021-01-26T13:02:12.174Z"}
{"message":"Server started successfully on port 5000","level":"info","timestamp":"2021-01-26T13:02:41.376Z"}
{"level":"error","message":"uncaughtException TypeError: client.verify.servicess is not a function","stack":"Error: TypeError: client.verify.servicess is not a function\n    at process.<anonymous> (/Users/theexplorer/Desktop/TokenSwapBackend/server.js:40:37)\n    at process.emit (events.js:203:15)\n    at process.EventEmitter.emit (domain.js:448:20)\n    at process._fatalException (internal/bootstrap/node.js:497:27)","timestamp":"2021-01-26T13:02:48.325Z"}
{"message":"Server started successfully on port 5000","level":"info","timestamp":"2021-01-26T13:04:13.746Z"}
{"message":"Server started successfully on port 5000","level":"info","timestamp":"2021-01-26T13:04:51.488Z"}
{"message":"Server started successfully on port 5000","level":"info","timestamp":"2021-01-26T13:06:20.801Z"}
{"message":"Server started successfully on port 5000","level":"info","timestamp":"2021-01-26T13:07:18.457Z"}
{"message":"Error message: Can't save Verify details, please check and try again!","level":"info","timestamp":"2021-01-26T13:07:24.714Z"}
{"level":"error","message":"ForbiddenException: Can't save Verify details, please check and try again!","timestamp":"2021-01-26T13:07:24.715Z"}
{"message":"Server started successfully on port 5000","level":"info","timestamp":"2021-01-26T15:46:22.893Z"}
{"message":"Server started successfully on port 5000","level":"info","timestamp":"2021-01-26T15:57:33.236Z"}
{"message":"Server started successfully on port 5000","level":"info","timestamp":"2021-01-26T15:57:45.226Z"}
{"message":"Server started successfully on port 5000","level":"info","timestamp":"2021-01-26T15:57:57.776Z"}
{"message":"Server started successfully on port 5000","level":"info","timestamp":"2021-01-26T15:58:13.098Z"}
{"message":"Server started successfully on port 5000","level":"info","timestamp":"2021-01-26T15:58:29.559Z"}
{"message":"Server started successfully on port 5000","level":"info","timestamp":"2021-01-26T15:59:06.744Z"}
{"message":"Server started successfully on port 5000","level":"info","timestamp":"2021-01-26T15:59:14.055Z"}
{"message":"Server started successfully on port 5000","level":"info","timestamp":"2021-01-26T15:59:38.753Z"}
{"message":"Server started successfully on port 5000","level":"info","timestamp":"2021-01-26T16:00:14.645Z"}
{"message":"Server started successfully on port 5000","level":"info","timestamp":"2021-01-26T16:00:37.923Z"}
{"message":"Server started successfully on port 5000","level":"info","timestamp":"2021-01-26T16:00:42.348Z"}
{"message":"Server started successfully on port 5000","level":"info","timestamp":"2021-01-26T16:00:51.885Z"}
{"message":"Server started successfully on port 5000","level":"info","timestamp":"2021-01-26T16:00:56.234Z"}
{"message":"Server started successfully on port 5000","level":"info","timestamp":"2021-01-26T16:01:06.790Z"}
{"message":"Server started successfully on port 5000","level":"info","timestamp":"2021-01-27T16:45:08.066Z"}
{"message":"Server started successfully on port 5000","level":"info","timestamp":"2021-01-27T16:46:35.663Z"}
{"message":"Error message: User already exists with same phone number, please try again with different phone number!","level":"info","timestamp":"2021-01-27T16:46:59.263Z"}
{"level":"error","message":"UserExistException: User already exists with same phone number, please try again with different phone number!","timestamp":"2021-01-27T16:46:59.263Z"}
{"message":"Error message: User already exists with same email, please try again with different email!","level":"info","timestamp":"2021-01-27T16:47:17.595Z"}
{"level":"error","message":"UserExistException: User already exists with same email, please try again with different email!","timestamp":"2021-01-27T16:47:17.596Z"}
{"message":"Server started successfully on port 5000","level":"info","timestamp":"2021-01-27T17:01:50.923Z"}
{"message":"Server started successfully on port 5000","level":"info","timestamp":"2021-01-27T17:02:03.635Z"}
{"message":"Server started successfully on port 5000","level":"info","timestamp":"2021-01-27T17:04:10.961Z"}
{"message":"Server started successfully on port 5000","level":"info","timestamp":"2021-01-27T17:07:49.189Z"}
{"message":"Server started successfully on port 5000","level":"info","timestamp":"2021-01-27T17:11:04.864Z"}
{"message":"Server started successfully on port 5000","level":"info","timestamp":"2021-02-06T18:18:40.517Z"}
{"message":"Server started successfully on port 5000","level":"info","timestamp":"2021-02-07T06:21:11.204Z"}
{"message":"Server started successfully on port 5000","level":"info","timestamp":"2021-02-07T06:23:41.579Z"}
{"level":"error","message":"uncaughtException TypeError: EthHdWallet.generateAddresses is not a function","stack":"Error: TypeError: EthHdWallet.generateAddresses is not a function\n    at process.<anonymous> (/Users/theexplorer/Desktop/TokenSwapBackend/server.js:40:37)\n    at process.emit (events.js:203:15)\n    at process.EventEmitter.emit (domain.js:448:20)\n    at process._fatalException (internal/bootstrap/node.js:497:27)","timestamp":"2021-02-07T09:22:27.727Z"}
{"message":"Server started successfully on port 5000","level":"info","timestamp":"2021-02-07T09:51:57.671Z"}
{"level":"error","message":"uncaughtException ReferenceError: new_user is not defined","stack":"Error: ReferenceError: new_user is not defined\n    at process.<anonymous> (/Users/theexplorer/Desktop/TokenSwapBackend/server.js:40:37)\n    at process.emit (events.js:203:15)\n    at process.EventEmitter.emit (domain.js:448:20)\n    at process._fatalException (internal/bootstrap/node.js:497:27)","timestamp":"2021-02-07T09:52:05.395Z"}
{"message":"Server started successfully on port 5000","level":"info","timestamp":"2021-02-07T09:54:15.796Z"}
{"message":"Error message: [object Object]","level":"error","timestamp":"2021-02-07T09:54:19.919Z"}
{"level":"error","timestamp":"2021-02-07T09:54:19.920Z","message":"[object Object]","stack":"Error: [object Object]\n    at VerifyController.handleException (/Users/theexplorer/Desktop/TokenSwapBackend/app/Controllers/Controller.js:151:22)\n    at /Users/theexplorer/Desktop/TokenSwapBackend/app/Controllers/VerifyController.js:72:14\n    at process._tickCallback (internal/process/next_tick.js:68:7)"}
{"message":"Error message: [object Object]","level":"error","timestamp":"2021-02-07T09:54:40.046Z"}
{"level":"error","timestamp":"2021-02-07T09:54:40.047Z","message":"[object Object]","stack":"Error: [object Object]\n    at VerifyController.handleException (/Users/theexplorer/Desktop/TokenSwapBackend/app/Controllers/Controller.js:151:22)\n    at /Users/theexplorer/Desktop/TokenSwapBackend/app/Controllers/VerifyController.js:72:14\n    at process._tickCallback (internal/process/next_tick.js:68:7)"}
{"message":"Server started successfully on port 5000","level":"info","timestamp":"2021-02-07T10:44:20.764Z"}
{"message":"Error message: [object Object]","level":"error","timestamp":"2021-02-07T10:44:26.477Z"}
{"level":"error","timestamp":"2021-02-07T10:44:26.478Z","message":"[object Object]","stack":"Error: [object Object]\n    at VerifyController.handleException (/Users/theexplorer/Desktop/TokenSwapBackend/app/Controllers/Controller.js:151:22)\n    at /Users/theexplorer/Desktop/TokenSwapBackend/app/Controllers/VerifyController.js:72:14\n    at process._tickCallback (internal/process/next_tick.js:68:7)"}
{"message":"Server started successfully on port 5000","level":"info","timestamp":"2021-02-07T10:45:48.176Z"}
{"message":"Error message: [object Object]","level":"error","timestamp":"2021-02-07T10:45:51.020Z"}
{"level":"error","timestamp":"2021-02-07T10:45:51.020Z","message":"[object Object]","stack":"Error: [object Object]\n    at VerifyController.handleException (/Users/theexplorer/Desktop/TokenSwapBackend/app/Controllers/Controller.js:151:22)\n    at /Users/theexplorer/Desktop/TokenSwapBackend/app/Controllers/VerifyController.js:72:14\n    at process._tickCallback (internal/process/next_tick.js:68:7)"}
{"message":"Server started successfully on port 5000","level":"info","timestamp":"2021-02-07T10:46:48.717Z"}
{"message":"Error message: [object Object]","level":"error","timestamp":"2021-02-07T10:46:51.619Z"}
{"level":"error","timestamp":"2021-02-07T10:46:51.620Z","message":"[object Object]","stack":"Error: [object Object]\n    at VerifyController.handleException (/Users/theexplorer/Desktop/TokenSwapBackend/app/Controllers/Controller.js:151:22)\n    at /Users/theexplorer/Desktop/TokenSwapBackend/app/Controllers/VerifyController.js:72:14\n    at process._tickCallback (internal/process/next_tick.js:68:7)"}
{"message":"Server started successfully on port 5000","level":"info","timestamp":"2021-02-07T10:47:15.086Z"}
{"message":"Server started successfully on port 5000","level":"info","timestamp":"2021-02-07T10:47:32.783Z"}
{"message":"Server started successfully on port 5000","level":"info","timestamp":"2021-02-07T10:47:45.960Z"}
{"message":"Error message: [object Object]","level":"error","timestamp":"2021-02-07T10:47:50.389Z"}
{"level":"error","timestamp":"2021-02-07T10:47:50.390Z","message":"[object Object]","stack":"Error: [object Object]\n    at VerifyController.handleException (/Users/theexplorer/Desktop/TokenSwapBackend/app/Controllers/Controller.js:151:22)\n    at /Users/theexplorer/Desktop/TokenSwapBackend/app/Controllers/VerifyController.js:72:14\n    at process._tickCallback (internal/process/next_tick.js:68:7)"}
{"message":"Server started successfully on port 5000","level":"info","timestamp":"2021-02-07T10:48:29.377Z"}
{"message":"Server started successfully on port 5000","level":"info","timestamp":"2021-02-07T10:48:42.488Z"}
{"message":"Server started successfully on port 5000","level":"info","timestamp":"2021-02-07T10:49:30.906Z"}
{"message":"Server started successfully on port 5000","level":"info","timestamp":"2021-02-07T10:49:49.883Z"}
{"message":"Server started successfully on port 5000","level":"info","timestamp":"2021-02-07T10:50:04.157Z"}
{"message":"Server started successfully on port 5000","level":"info","timestamp":"2021-02-07T10:50:18.190Z"}
